<?xml version="1.0" encoding="UTF-8"?>
<!-- Generated by org.testng.reporters.JUnitReportReporter -->
<testsuite hostname="RedSkys-MacBook-Pro.local" failures="0" tests="1" name="com.ua.learning.project.implementation.submit_registration.SubmitRegistrationTest" time="0.001" errors="0" timestamp="2022-05-26T13:23:37 NPT" skipped="0">
  <testcase classname="com.ua.learning.project.implementation.submit_registration.SubmitRegistrationTest" name="printHashCode" time="0.001"/>
</testsuite> <!-- com.ua.learning.project.implementation.submit_registration.SubmitRegistrationTest -->
